<?xml version="1.0" encoding="UTF-8"?>
<!-- Generated by org.testng.reporters.JUnitReportReporter -->
<testsuite hostname="DESKTOP-9G4QP39" failures="0" tests="2" name="authomaticTest.ResetPassword" time="5.818" errors="0" timestamp="2023-06-15T20:37:01 CEST" skipped="0">
  <testcase classname="authomaticTest.ResetPassword" name="resetPasswordWithInvalidEmail" time="4.578"/>
  <testcase classname="authomaticTest.ResetPassword" name="resetPasswordWithValidEmail" time="1.240"/>
</testsuite> <!-- authomaticTest.ResetPassword -->
