<?xml version="1.0" encoding="UTF-8"?>
<!-- Generated by org.testng.reporters.JUnitReportReporter -->
<testsuite hostname="DESKTOP-9G4QP39" failures="0" tests="3" name="authomaticTest.Login" time="9.101" errors="0" timestamp="2023-06-15T20:12:13 CEST" skipped="0">
  <testcase classname="authomaticTest.Login" name="loginWithInvalidCredentials" time="4.768"/>
  <testcase classname="authomaticTest.Login" name="loginWithValidMail" time="2.753"/>
  <testcase classname="authomaticTest.Login" name="loginWithValidUsername" time="1.580"/>
</testsuite> <!-- authomaticTest.Login -->
