<?xml version="1.0" encoding="UTF-8"?>
<!-- Generated by org.testng.reporters.JUnitReportReporter -->
<testsuite hostname="DESKTOP-9G4QP39" failures="0" tests="2" name="automaticTest.ResetPassword" time="5.858" errors="0" timestamp="2023-06-15T20:43:15 CEST" skipped="0">
  <testcase classname="automaticTest.ResetPassword" name="resetPasswordWithInvalidEmail" time="4.550"/>
  <testcase classname="automaticTest.ResetPassword" name="resetPasswordWithValidEmail" time="1.308"/>
</testsuite> <!-- automaticTest.ResetPassword -->
