<?xml version="1.0" encoding="UTF-8"?>
<!-- Generated by org.testng.reporters.JUnitReportReporter -->
<testsuite hostname="DESKTOP-9G4QP39" failures="0" tests="3" name="automaticTest.Login" time="9.284" errors="0" timestamp="2023-06-15T20:52:54 CEST" skipped="0">
  <testcase classname="automaticTest.Login" name="loginWithValidMail" time="2.848"/>
  <testcase classname="automaticTest.Login" name="loginWithValidUsername" time="1.786"/>
  <testcase classname="automaticTest.Login" name="loginWithInvalidCredentials" time="4.650"/>
</testsuite> <!-- automaticTest.Login -->
